8/28/2020 2:56:50 PM	This log contains information about the import schema operation into project 'FitnessApp.DB' on computer 'SAIT226265OOSD' by user '844821'.
8/28/2020 2:56:50 PM	Import of database schema has started.
8/28/2020 2:56:52 PM	Gathering error messages
8/28/2020 2:56:52 PM	Gathering cryptographic providers
8/28/2020 2:56:52 PM	Gathering credentials
8/28/2020 2:56:52 PM	Gathering logins
8/28/2020 2:56:53 PM	Gathering server roles
8/28/2020 2:56:53 PM	Gathering server role memberships
8/28/2020 2:56:53 PM	Gathering linked servers
8/28/2020 2:56:53 PM	Gathering linked server logins
8/28/2020 2:56:53 PM	Gathering routes
8/28/2020 2:56:53 PM	Gathering ddl triggers
8/28/2020 2:56:53 PM	Gathering encrypted and clr ddl triggers
8/28/2020 2:56:53 PM	Gathering event notifications
8/28/2020 2:56:53 PM	Gathering server audits
8/28/2020 2:56:53 PM	Gathering server audit specifications
8/28/2020 2:56:53 PM	Gathering event notifications
8/28/2020 2:56:57 PM	Gathering database credentials
8/28/2020 2:56:57 PM	Gathering database options
8/28/2020 2:56:57 PM	Gathering generic database scoped configuration option
8/28/2020 2:56:57 PM	Gathering users
8/28/2020 2:56:57 PM	Gathering roles
8/28/2020 2:56:57 PM	Gathering application roles
8/28/2020 2:56:57 PM	Gathering role memberships
8/28/2020 2:56:57 PM	Gathering filegroups
8/28/2020 2:56:57 PM	Gathering files
8/28/2020 2:56:57 PM	Gathering full-text catalogs
8/28/2020 2:56:57 PM	Gathering assemblies
8/28/2020 2:56:57 PM	Gathering certificates
8/28/2020 2:56:57 PM	Gathering asymmetric keys
8/28/2020 2:56:57 PM	Gathering symmetric keys
8/28/2020 2:56:57 PM	Gathering encrypted symmetric keys
8/28/2020 2:56:57 PM	Gathering database encryption keys
8/28/2020 2:56:57 PM	Gathering schemas
8/28/2020 2:56:57 PM	Gathering XML schema collections
8/28/2020 2:56:57 PM	Gathering user-defined data types
8/28/2020 2:56:57 PM	Gathering user-defined types
8/28/2020 2:56:57 PM	Gathering table types
8/28/2020 2:56:57 PM	Gathering unique keys for table types
8/28/2020 2:56:57 PM	Gathering primary keys for table types
8/28/2020 2:56:57 PM	Gathering indexes for table types
8/28/2020 2:56:57 PM	Gathering check constraints for table types
8/28/2020 2:56:57 PM	Gathering default constraints for table types
8/28/2020 2:56:57 PM	Gathering partition functions
8/28/2020 2:56:57 PM	Gathering partition schemes
8/28/2020 2:56:57 PM	Gathering functions
8/28/2020 2:56:57 PM	Gathering encrypted functions
8/28/2020 2:56:57 PM	Gathering aggregates
8/28/2020 2:56:57 PM	Gathering procedures
8/28/2020 2:56:57 PM	Gathering encrypted procedures
8/28/2020 2:56:57 PM	Gathering tables
8/28/2020 2:56:57 PM	Gathering primary keys
8/28/2020 2:56:57 PM	Gathering unique constraints
8/28/2020 2:56:57 PM	Gathering foreign keys
8/28/2020 2:56:58 PM	Gathering default constraints
8/28/2020 2:56:58 PM	Gathering check constraints
8/28/2020 2:56:58 PM	Gathering views
8/28/2020 2:56:58 PM	Gathering encrypted views
8/28/2020 2:56:58 PM	Gathering indexes
8/28/2020 2:56:58 PM	Gathering statistics
8/28/2020 2:56:58 PM	Gathering full-text index stoplists
8/28/2020 2:56:58 PM	Gathering search property lists
8/28/2020 2:56:58 PM	Gathering search properties
8/28/2020 2:56:58 PM	Gathering full-text indexes
8/28/2020 2:56:58 PM	Gathering column store indexes
8/28/2020 2:56:58 PM	Gathering spatial indexes
8/28/2020 2:56:58 PM	Gathering XML indexes
8/28/2020 2:56:58 PM	Gathering Selective XML indexes
8/28/2020 2:56:58 PM	Gathering encrypted triggers
8/28/2020 2:56:58 PM	Gathering triggers
8/28/2020 2:56:58 PM	Gathering encrypted and clr ddl triggers
8/28/2020 2:56:58 PM	Gathering ddl triggers
8/28/2020 2:56:58 PM	Creating edge constraints
8/28/2020 2:56:58 PM	Gathering synonyms
8/28/2020 2:56:58 PM	Gathering defaults
8/28/2020 2:56:58 PM	Gathering data constraint uddt bindings
8/28/2020 2:56:58 PM	Gathering rules
8/28/2020 2:56:58 PM	Gathering data constraint uddt bindings
8/28/2020 2:56:58 PM	Gathering message types
8/28/2020 2:56:58 PM	Gathering queues
8/28/2020 2:56:58 PM	Gathering contracts
8/28/2020 2:56:58 PM	Gathering services
8/28/2020 2:56:58 PM	Gathering routes
8/28/2020 2:56:58 PM	Gathering event notifications
8/28/2020 2:56:58 PM	Gathering remote service bindings
8/28/2020 2:56:58 PM	Gathering broker priorities
8/28/2020 2:56:58 PM	Gathering database audit specifications
8/28/2020 2:56:58 PM	Gathering signatures
8/28/2020 2:56:58 PM	Gathering data compression options
8/28/2020 2:56:58 PM	Gathering sequence types
8/28/2020 2:56:58 PM	Gathering security policies
8/28/2020 2:56:58 PM	Gather column encryption keys
8/28/2020 2:56:58 PM	Gathering column master keys
8/28/2020 2:56:58 PM	Gathering external data sources
8/28/2020 2:56:58 PM	Gathering external file formats
8/28/2020 2:56:58 PM	Gathering external tables
8/28/2020 2:56:58 PM	Gathering extended properties
8/28/2020 2:56:58 PM	Scanning project for duplicate elements
8/28/2020 2:56:59 PM	Finished duplicate element processing
8/28/2020 2:56:59 PM	Finished importing database.
8/28/2020 2:56:59 PM	A summary of the import was saved to the following location: C:\Users\844821\Desktop\OOSD Spring 2020\C#\.NET CORE\FitnessApp\FitnessApp.DB\Import Schema Logs\FitnessApp.DB_20200828085650.log
8/28/2020 2:56:59 PM	Click Finish to continue...
